# JRE version: OpenJDK Runtime Environment (10.0.2+13) (build 10.0.2+13)
# Java VM: OpenJDK 64-Bit Server VM (10.0.2+13, mixed mode, tiered, compressed oops, g1 gc, linux-amd64)
Heap:
 garbage-first heap   total 32768K, used 7630K [0x00000003d2800000, 0x00000007c0000000)
  region size 4096K, 1 young (4096K), 0 survivors (0K)
 Metaspace       used 28746K, capacity 29349K, committed 29824K, reserved 1075200K
  class space    used 3051K, capacity 3346K, committed 3456K, reserved 1048576K
GC Heap History (10 events):
Event: 8.212 GC heap before
{Heap before GC invocations=9 (full 2):
 garbage-first heap   total 32768K, used 10085K [0x00000003d2800000, 0x00000007c0000000)
  region size 4096K, 2 young (8192K), 1 survivors (4096K)
 Metaspace       used 21106K, capacity 21614K, committed 22016K, reserved 1069056K
  class space    used 2219K, capacity 2458K, committed 2560K, reserved 1048576K
}
Event: 8.214 GC heap after
{Heap after GC invocations=10 (full 2):
 garbage-first heap   total 32768K, used 6280K [0x00000003d2800000, 0x00000007c0000000)
  region size 4096K, 1 young (4096K), 1 survivors (4096K)
 Metaspace       used 21106K, capacity 21614K, committed 22016K, reserved 1069056K
  class space    used 2219K, capacity 2458K, committed 2560K, reserved 1048576K
}
Event: 8.345 GC heap before
{Heap before GC invocations=10 (full 2):
 garbage-first heap   total 32768K, used 14472K [0x00000003d2800000, 0x00000007c0000000)
  region size 4096K, 4 young (16384K), 1 survivors (4096K)
 Metaspace       used 24535K, capacity 24971K, committed 25176K, reserved 1071104K
  class space    used 2558K, capacity 2796K, committed 2816K, reserved 1048576K
}
Event: 8.348 GC heap after
{Heap after GC invocations=11 (full 2):
 garbage-first heap   total 32768K, used 7046K [0x00000003d2800000, 0x00000007c0000000)
  region size 4096K, 1 young (4096K), 1 survivors (4096K)
 Metaspace       used 24535K, capacity 24971K, committed 25176K, reserved 1071104K
  class space    used 2558K, capacity 2796K, committed 2816K, reserved 1048576K
}
Event: 8.443 GC heap before
{Heap before GC invocations=12 (full 2):
 garbage-first heap   total 32768K, used 15238K [0x00000003d2800000, 0x00000007c0000000)
  region size 4096K, 3 young (12288K), 1 survivors (4096K)
 Metaspace       used 26576K, capacity 27125K, committed 27520K, reserved 1073152K
  class space    used 2839K, capacity 3112K, committed 3200K, reserved 1048576K
}
Event: 8.446 GC heap after
{Heap after GC invocations=13 (full 2):
 garbage-first heap   total 32768K, used 7650K [0x00000003d2800000, 0x00000007c0000000)
  region size 4096K, 1 young (4096K), 1 survivors (4096K)
 Metaspace       used 26576K, capacity 27125K, committed 27520K, reserved 1073152K
  class space    used 2839K, capacity 3112K, committed 3200K, reserved 1048576K
}
Event: 8.545 GC heap before
{Heap before GC invocations=13 (full 2):
 garbage-first heap   total 32768K, used 15842K [0x00000003d2800000, 0x00000007c0000000)
  region size 4096K, 3 young (12288K), 1 survivors (4096K)
 Metaspace       used 28577K, capacity 29182K, committed 29440K, reserved 1075200K
  class space    used 3036K, capacity 3310K, committed 3328K, reserved 1048576K
}
Event: 8.548 GC heap after
{Heap after GC invocations=14 (full 2):
 garbage-first heap   total 32768K, used 8078K [0x00000003d2800000, 0x00000007c0000000)
  region size 4096K, 1 young (4096K), 1 survivors (4096K)
 Metaspace       used 28577K, capacity 29182K, committed 29440K, reserved 1075200K
  class space    used 3036K, capacity 3310K, committed 3328K, reserved 1048576K
}
Event: 8.588 GC heap before
{Heap before GC invocations=14 (full 2):
 garbage-first heap   total 32768K, used 8078K [0x00000003d2800000, 0x00000007c0000000)
  region size 4096K, 2 young (8192K), 1 survivors (4096K)
 Metaspace       used 28761K, capacity 29375K, committed 29824K, reserved 1075200K
  class space    used 3053K, capacity 3352K, committed 3456K, reserved 1048576K
}
Event: 8.601 GC heap after
{Heap after GC invocations=15 (full 3):
 garbage-first heap   total 32768K, used 7630K [0x00000003d2800000, 0x00000007c0000000)
  region size 4096K, 0 young (0K), 0 survivors (0K)
 Metaspace       used 28746K, capacity 29349K, committed 29824K, reserved 1075200K
  class space    used 3051K, capacity 3346K, committed 3456K, reserved 1048576K
}

