# JRE version: OpenJDK Runtime Environment (11.0.1+13) (build 11.0.1+13-LTS)
# Java VM: OpenJDK 64-Bit Server VM (11.0.1+13-LTS, mixed mode, tiered, compressed oops, g1 gc, linux-amd64)
Heap:
 garbage-first heap   total 16384K, used 4010K [0x0000000412800000, 0x0000000800000000)
  region size 4096K, 1 young (4096K), 0 survivors (0K)
 Metaspace       used 10612K, capacity 10843K, committed 11008K, reserved 1058816K
  class space    used 1052K, capacity 1170K, committed 1280K, reserved 1048576K
GC Heap History (6 events):
Event: 0.143 GC heap before
{Heap before GC invocations=0 (full 0):
 garbage-first heap   total 1032192K, used 0K [0x0000000412800000, 0x0000000800000000)
  region size 4096K, 2 young (8192K), 0 survivors (0K)
 Metaspace       used 6647K, capacity 6763K, committed 7040K, reserved 1056768K
  class space    used 580K, capacity 634K, committed 640K, reserved 1048576K
}
Event: 0.151 GC heap after
{Heap after GC invocations=1 (full 1):
 garbage-first heap   total 28672K, used 3138K [0x0000000412800000, 0x0000000800000000)
  region size 4096K, 0 young (0K), 0 survivors (0K)
 Metaspace       used 6647K, capacity 6763K, committed 7040K, reserved 1056768K
  class space    used 580K, capacity 634K, committed 640K, reserved 1048576K
}
Event: 1.725 GC heap before
{Heap before GC invocations=1 (full 1):
 garbage-first heap   total 28672K, used 7234K [0x0000000412800000, 0x0000000800000000)
  region size 4096K, 2 young (8192K), 0 survivors (0K)
 Metaspace       used 10612K, capacity 10843K, committed 11008K, reserved 1058816K
  class space    used 1052K, capacity 1170K, committed 1280K, reserved 1048576K
}
Event: 1.735 GC heap after
{Heap after GC invocations=2 (full 2):
 garbage-first heap   total 16384K, used 4012K [0x0000000412800000, 0x0000000800000000)
  region size 4096K, 0 young (0K), 0 survivors (0K)
 Metaspace       used 10612K, capacity 10843K, committed 11008K, reserved 1058816K
  class space    used 1052K, capacity 1170K, committed 1280K, reserved 1048576K
}
Event: 59.493 GC heap before
{Heap before GC invocations=2 (full 2):
 garbage-first heap   total 16384K, used 4012K [0x0000000412800000, 0x0000000800000000)
  region size 4096K, 1 young (4096K), 0 survivors (0K)
 Metaspace       used 10612K, capacity 10843K, committed 11008K, reserved 1058816K
  class space    used 1052K, capacity 1170K, committed 1280K, reserved 1048576K
}
Event: 59.520 GC heap after
{Heap after GC invocations=3 (full 3):
 garbage-first heap   total 16384K, used 4010K [0x0000000412800000, 0x0000000800000000)
  region size 4096K, 0 young (0K), 0 survivors (0K)
 Metaspace       used 10612K, capacity 10843K, committed 11008K, reserved 1058816K
  class space    used 1052K, capacity 1170K, committed 1280K, reserved 1048576K
}

