# JRE version: OpenJDK Runtime Environment (11.0.1+13) (build 11.0.1+13-LTS)
# Java VM: OpenJDK 64-Bit Server VM (11.0.1+13-LTS, mixed mode, tiered, compressed oops, g1 gc, linux-amd64)
Heap:
 garbage-first heap   total 16384K, used 4010K [0x0000000412800000, 0x0000000800000000)
  region size 4096K, 1 young (4096K), 0 survivors (0K)
 Metaspace       used 10626K, capacity 10843K, committed 11008K, reserved 1058816K
  class space    used 1052K, capacity 1170K, committed 1280K, reserved 1048576K
GC Heap History (10 events):
Event: 0.141 GC heap before
{Heap before GC invocations=0 (full 0):
 garbage-first heap   total 1032192K, used 0K [0x0000000412800000, 0x0000000800000000)
  region size 4096K, 2 young (8192K), 0 survivors (0K)
 Metaspace       used 6650K, capacity 6763K, committed 6784K, reserved 1056768K
  class space    used 580K, capacity 634K, committed 640K, reserved 1048576K
}
Event: 0.152 GC heap after
{Heap after GC invocations=1 (full 1):
 garbage-first heap   total 28672K, used 3138K [0x0000000412800000, 0x0000000800000000)
  region size 4096K, 0 young (0K), 0 survivors (0K)
 Metaspace       used 6650K, capacity 6763K, committed 6784K, reserved 1056768K
  class space    used 580K, capacity 634K, committed 640K, reserved 1048576K
}
Event: 0.391 GC heap before
{Heap before GC invocations=1 (full 1):
 garbage-first heap   total 28672K, used 7234K [0x0000000412800000, 0x0000000800000000)
  region size 4096K, 2 young (8192K), 0 survivors (0K)
 Metaspace       used 10626K, capacity 10843K, committed 11008K, reserved 1058816K
  class space    used 1052K, capacity 1170K, committed 1280K, reserved 1048576K
}
Event: 0.401 GC heap after
{Heap after GC invocations=2 (full 2):
 garbage-first heap   total 16384K, used 4012K [0x0000000412800000, 0x0000000800000000)
  region size 4096K, 0 young (0K), 0 survivors (0K)
 Metaspace       used 10626K, capacity 10843K, committed 11008K, reserved 1058816K
  class space    used 1052K, capacity 1170K, committed 1280K, reserved 1048576K
}
Event: 1.684 GC heap before
{Heap before GC invocations=2 (full 2):
 garbage-first heap   total 16384K, used 4012K [0x0000000412800000, 0x0000000800000000)
  region size 4096K, 1 young (4096K), 0 survivors (0K)
 Metaspace       used 10626K, capacity 10843K, committed 11008K, reserved 1058816K
  class space    used 1052K, capacity 1170K, committed 1280K, reserved 1048576K
}
Event: 1.690 GC heap after
{Heap after GC invocations=3 (full 3):
 garbage-first heap   total 16384K, used 4010K [0x0000000412800000, 0x0000000800000000)
  region size 4096K, 0 young (0K), 0 survivors (0K)
 Metaspace       used 10626K, capacity 10843K, committed 11008K, reserved 1058816K
  class space    used 1052K, capacity 1170K, committed 1280K, reserved 1048576K
}
Event: 55.464 GC heap before
{Heap before GC invocations=3 (full 3):
 garbage-first heap   total 16384K, used 4010K [0x0000000412800000, 0x0000000800000000)
  region size 4096K, 1 young (4096K), 0 survivors (0K)
 Metaspace       used 10626K, capacity 10843K, committed 11008K, reserved 1058816K
  class space    used 1052K, capacity 1170K, committed 1280K, reserved 1048576K
}
Event: 55.471 GC heap after
{Heap after GC invocations=4 (full 4):
 garbage-first heap   total 16384K, used 4010K [0x0000000412800000, 0x0000000800000000)
  region size 4096K, 0 young (0K), 0 survivors (0K)
 Metaspace       used 10626K, capacity 10843K, committed 11008K, reserved 1058816K
  class space    used 1052K, capacity 1170K, committed 1280K, reserved 1048576K
}
Event: 82.394 GC heap before
{Heap before GC invocations=4 (full 4):
 garbage-first heap   total 16384K, used 4010K [0x0000000412800000, 0x0000000800000000)
  region size 4096K, 1 young (4096K), 0 survivors (0K)
 Metaspace       used 10626K, capacity 10843K, committed 11008K, reserved 1058816K
  class space    used 1052K, capacity 1170K, committed 1280K, reserved 1048576K
}
Event: 82.405 GC heap after
{Heap after GC invocations=5 (full 5):
 garbage-first heap   total 16384K, used 4010K [0x0000000412800000, 0x0000000800000000)
  region size 4096K, 0 young (0K), 0 survivors (0K)
 Metaspace       used 10626K, capacity 10843K, committed 11008K, reserved 1058816K
  class space    used 1052K, capacity 1170K, committed 1280K, reserved 1048576K
}

