# JRE version: OpenJDK Runtime Environment (10.0.2+13) (build 10.0.2+13)
# Java VM: OpenJDK 64-Bit Server VM (10.0.2+13, mixed mode, tiered, compressed oops, g1 gc, linux-amd64)
Heap:
 garbage-first heap   total 32768K, used 8015K [0x00000003d2800000, 0x00000007c0000000)
  region size 4096K, 2 young (8192K), 1 survivors (4096K)
 Metaspace       used 28789K, capacity 29376K, committed 29740K, reserved 1075200K
  class space    used 3056K, capacity 3351K, committed 3372K, reserved 1048576K
GC Heap History (10 events):
Event: 37.789 GC heap before
{Heap before GC invocations=8 (full 2):
 garbage-first heap   total 32768K, used 10178K [0x00000003d2800000, 0x00000007c0000000)
  region size 4096K, 2 young (8192K), 1 survivors (4096K)
 Metaspace       used 19726K, capacity 20141K, committed 20480K, reserved 1067008K
  class space    used 2040K, capacity 2261K, committed 2304K, reserved 1048576K
}
Event: 37.792 GC heap after
{Heap after GC invocations=9 (full 2):
 garbage-first heap   total 32768K, used 5892K [0x00000003d2800000, 0x00000007c0000000)
  region size 4096K, 1 young (4096K), 1 survivors (4096K)
 Metaspace       used 19726K, capacity 20141K, committed 20480K, reserved 1067008K
  class space    used 2040K, capacity 2261K, committed 2304K, reserved 1048576K
}
Event: 37.850 GC heap before
{Heap before GC invocations=9 (full 2):
 garbage-first heap   total 32768K, used 9988K [0x00000003d2800000, 0x00000007c0000000)
  region size 4096K, 2 young (8192K), 1 survivors (4096K)
 Metaspace       used 21231K, capacity 21711K, committed 22016K, reserved 1069056K
  class space    used 2235K, capacity 2470K, committed 2560K, reserved 1048576K
}
Event: 37.852 GC heap after
{Heap after GC invocations=10 (full 2):
 garbage-first heap   total 32768K, used 6251K [0x00000003d2800000, 0x00000007c0000000)
  region size 4096K, 1 young (4096K), 1 survivors (4096K)
 Metaspace       used 21231K, capacity 21711K, committed 22016K, reserved 1069056K
  class space    used 2235K, capacity 2470K, committed 2560K, reserved 1048576K
}
Event: 37.985 GC heap before
{Heap before GC invocations=10 (full 2):
 garbage-first heap   total 32768K, used 14443K [0x00000003d2800000, 0x00000007c0000000)
  region size 4096K, 4 young (16384K), 1 survivors (4096K)
 Metaspace       used 24698K, capacity 25202K, committed 25388K, reserved 1071104K
  class space    used 2573K, capacity 2829K, committed 2860K, reserved 1048576K
}
Event: 37.987 GC heap after
{Heap after GC invocations=11 (full 2):
 garbage-first heap   total 32768K, used 7210K [0x00000003d2800000, 0x00000007c0000000)
  region size 4096K, 1 young (4096K), 1 survivors (4096K)
 Metaspace       used 24698K, capacity 25202K, committed 25388K, reserved 1071104K
  class space    used 2573K, capacity 2829K, committed 2860K, reserved 1048576K
}
Event: 38.083 GC heap before
{Heap before GC invocations=12 (full 2):
 garbage-first heap   total 32768K, used 15402K [0x00000003d2800000, 0x00000007c0000000)
  region size 4096K, 3 young (12288K), 1 survivors (4096K)
 Metaspace       used 26791K, capacity 27353K, committed 27820K, reserved 1073152K
  class space    used 2856K, capacity 3144K, committed 3244K, reserved 1048576K
}
Event: 38.085 GC heap after
{Heap after GC invocations=13 (full 2):
 garbage-first heap   total 32768K, used 7561K [0x00000003d2800000, 0x00000007c0000000)
  region size 4096K, 1 young (4096K), 1 survivors (4096K)
 Metaspace       used 26791K, capacity 27353K, committed 27820K, reserved 1073152K
  class space    used 2856K, capacity 3144K, committed 3244K, reserved 1048576K
}
Event: 38.180 GC heap before
{Heap before GC invocations=13 (full 2):
 garbage-first heap   total 32768K, used 15753K [0x00000003d2800000, 0x00000007c0000000)
  region size 4096K, 3 young (12288K), 1 survivors (4096K)
 Metaspace       used 28690K, capacity 29291K, committed 29484K, reserved 1075200K
  class space    used 3050K, capacity 3345K, committed 3372K, reserved 1048576K
}
Event: 38.184 GC heap after
{Heap after GC invocations=14 (full 2):
 garbage-first heap   total 32768K, used 8015K [0x00000003d2800000, 0x00000007c0000000)
  region size 4096K, 1 young (4096K), 1 survivors (4096K)
 Metaspace       used 28690K, capacity 29291K, committed 29484K, reserved 1075200K
  class space    used 3050K, capacity 3345K, committed 3372K, reserved 1048576K
}

